\BOOKMARK [1][-]{section.1}{\376\377\000I\000n\000t\000r\000o\000d\000u\000c\000t\000i\000o\000n}{}% 1
\BOOKMARK [2][-]{subsection.1.1}{\376\377\000D\000a\000t\000a\000s\000e\000t\000\040\000O\000v\000e\000r\000v\000i\000e\000w}{section.1}% 2
\BOOKMARK [1][-]{section.2}{\376\377\000C\000o\000r\000e\000\040\000P\000a\000n\000e\000l\000\040\000D\000a\000t\000a\000s\000e\000t\000s}{}% 3
\BOOKMARK [2][-]{subsection.2.1}{\376\377\000c\000o\000m\000b\000i\000n\000e\000d\000-\000d\000a\000t\000a\000.\000d\000t\000a}{section.2}% 4
\BOOKMARK [3][-]{subsubsection.2.1.1}{\376\377\000C\000o\000r\000e\000\040\000V\000a\000r\000i\000a\000b\000l\000e\000s}{subsection.2.1}% 5
\BOOKMARK [2][-]{subsection.2.2}{\376\377\000t\000e\000m\000p\000\137\000r\000e\000g\000\137\000d\000a\000t\000a\000.\000d\000t\000a}{section.2}% 6
\BOOKMARK [1][-]{section.3}{\376\377\000E\000r\000a\000-\000S\000p\000e\000c\000i\000f\000i\000c\000\040\000D\000a\000t\000a\000s\000e\000t\000s}{}% 7
\BOOKMARK [2][-]{subsection.3.1}{\376\377\000h\000i\000s\000t\000o\000r\000i\000c\000a\000l\000\137\000b\000a\000n\000k\000s\000\137\000p\000a\000n\000e\000l\000.\000d\000t\000a}{section.3}% 8
\BOOKMARK [3][-]{subsubsection.3.1.1}{\376\377\000H\000i\000s\000t\000o\000r\000i\000c\000a\000l\000-\000S\000p\000e\000c\000i\000f\000i\000c\000\040\000V\000a\000r\000i\000a\000b\000l\000e\000s}{subsection.3.1}% 9
\BOOKMARK [2][-]{subsection.3.2}{\376\377\000m\000o\000d\000e\000r\000n\000\137\000b\000a\000n\000k\000s\000\137\000p\000a\000n\000e\000l\000.\000d\000t\000a}{section.3}% 10
\BOOKMARK [3][-]{subsubsection.3.2.1}{\376\377\000M\000o\000d\000e\000r\000n\000-\000S\000p\000e\000c\000i\000f\000i\000c\000\040\000V\000a\000r\000i\000a\000b\000l\000e\000s}{subsection.3.2}% 11
\BOOKMARK [1][-]{section.4}{\376\377\000A\000n\000a\000l\000y\000s\000i\000s\000\040\000D\000a\000t\000a\000s\000e\000t\000s}{}% 12
\BOOKMARK [2][-]{subsection.4.1}{\376\377\000c\000r\000o\000s\000s\000\137\000s\000e\000c\000t\000i\000o\000n\000\137\000d\000a\000t\000a\000.\000d\000t\000a}{section.4}% 13
\BOOKMARK [2][-]{subsection.4.2}{\376\377\000c\000o\000e\000f\000p\000l\000o\000t\000\137\000d\000a\000t\000a\000.\000d\000t\000a}{section.4}% 14
\BOOKMARK [2][-]{subsection.4.3}{\376\377\000o\000u\000t\000f\000l\000o\000w\000s\000\137\000r\000e\000c\000e\000i\000v\000e\000r\000s\000h\000i\000p\000.\000d\000t\000a}{section.4}% 15
\BOOKMARK [3][-]{subsubsection.4.3.1}{\376\377\000R\000e\000c\000e\000i\000v\000e\000r\000s\000h\000i\000p\000\040\000V\000a\000r\000i\000a\000b\000l\000e\000s}{subsection.4.3}% 16
\BOOKMARK [1][-]{section.5}{\376\377\000M\000a\000c\000r\000o\000\040\000D\000a\000t\000a}{}% 17
\BOOKMARK [2][-]{subsection.5.1}{\376\377\000g\000d\000p\000\137\000d\000a\000t\000a\000.\000d\000t\000a}{section.5}% 18
\BOOKMARK [2][-]{subsection.5.2}{\376\377\000g\000f\000d\000\137\000c\000p\000i\000\137\000d\000a\000t\000a\000.\000d\000t\000a}{section.5}% 19
\BOOKMARK [2][-]{subsection.5.3}{\376\377\000g\000f\000d\000\137\000y\000i\000e\000l\000d\000s\000\137\000d\000a\000t\000a\000.\000d\000t\000a}{section.5}% 20
\BOOKMARK [1][-]{section.6}{\376\377\000V\000a\000r\000i\000a\000b\000l\000e\000\040\000C\000o\000n\000s\000t\000r\000u\000c\000t\000i\000o\000n\000\040\000N\000o\000t\000e\000s}{}% 21
\BOOKMARK [2][-]{subsection.6.1}{\376\377\000F\000a\000i\000l\000u\000r\000e\000\040\000I\000n\000d\000i\000c\000a\000t\000o\000r\000s}{section.6}% 22
\BOOKMARK [3][-]{subsubsection.6.1.1}{\376\377\000B\000a\000c\000k\000w\000a\000r\000d\000-\000L\000o\000o\000k\000i\000n\000g\000\040\000\050\000f\000a\000i\000l\000e\000d\000\137\000b\000a\000n\000k\000\051}{subsection.6.1}% 23
\BOOKMARK [3][-]{subsubsection.6.1.2}{\376\377\000F\000o\000r\000w\000a\000r\000d\000-\000L\000o\000o\000k\000i\000n\000g\000\040\000\050\000F\0001\000,\000\040\000F\0003\000,\000\040\000F\0005\000\040\000f\000a\000i\000l\000u\000r\000e\000\051}{subsection.6.1}% 24
\BOOKMARK [2][-]{subsection.6.2}{\376\377\000F\000i\000n\000a\000n\000c\000i\000a\000l\000\040\000R\000a\000t\000i\000o\000s}{section.6}% 25
\BOOKMARK [2][-]{subsection.6.3}{\376\377\000L\000a\000g\000g\000e\000d\000\040\000V\000a\000r\000i\000a\000b\000l\000e\000s}{section.6}% 26
\BOOKMARK [2][-]{subsection.6.4}{\376\377\000B\000a\000n\000k\000\040\000R\000u\000n\000s}{section.6}% 27
\BOOKMARK [2][-]{subsection.6.5}{\376\377\000A\000s\000s\000e\000t\000\040\000G\000r\000o\000w\000t\000h\000\040\000Q\000u\000i\000n\000t\000i\000l\000e\000s}{section.6}% 28
\BOOKMARK [1][-]{section.7}{\376\377\000D\000a\000t\000a\000\040\000Q\000u\000a\000l\000i\000t\000y\000\040\000a\000n\000d\000\040\000C\000o\000v\000e\000r\000a\000g\000e}{}% 29
\BOOKMARK [2][-]{subsection.7.1}{\376\377\000V\000a\000r\000i\000a\000b\000l\000e\000\040\000C\000o\000v\000e\000r\000a\000g\000e\000\040\000R\000a\000t\000e\000s}{section.7}% 30
\BOOKMARK [2][-]{subsection.7.2}{\376\377\000K\000n\000o\000w\000n\000\040\000D\000a\000t\000a\000\040\000L\000i\000m\000i\000t\000a\000t\000i\000o\000n\000s}{section.7}% 31
\BOOKMARK [3][-]{subsubsection.7.2.1}{\376\377\000H\000i\000s\000t\000o\000r\000i\000c\000a\000l\000\040\000E\000r\000a\000\040\000\050\0001\0008\0006\0005\000-\0001\0009\0005\0008\000\051}{subsection.7.2}% 32
\BOOKMARK [3][-]{subsubsection.7.2.2}{\376\377\000M\000o\000d\000e\000r\000n\000\040\000E\000r\000a\000\040\000\050\0001\0009\0005\0009\000-\0002\0000\0002\0004\000\051}{subsection.7.2}% 33
\BOOKMARK [2][-]{subsection.7.3}{\376\377\000F\000a\000i\000l\000u\000r\000e\000\040\000S\000t\000a\000t\000i\000s\000t\000i\000c\000s}{section.7}% 34
\BOOKMARK [1][-]{section.8}{\376\377\000C\000i\000t\000a\000t\000i\000o\000n\000\040\000a\000n\000d\000\040\000U\000s\000a\000g\000e}{}% 35
\BOOKMARK [2][-]{subsection.8.1}{\376\377\000D\000a\000t\000a\000\040\000S\000o\000u\000r\000c\000e\000s}{section.8}% 36
\BOOKMARK [2][-]{subsection.8.2}{\376\377\000R\000e\000c\000o\000m\000m\000e\000n\000d\000e\000d\000\040\000C\000i\000t\000a\000t\000i\000o\000n}{section.8}% 37
\BOOKMARK [2][-]{subsection.8.3}{\376\377\000U\000s\000a\000g\000e\000\040\000N\000o\000t\000e\000s}{section.8}% 38
\BOOKMARK [1][-]{section.9}{\376\377\000A\000p\000p\000e\000n\000d\000i\000x\000:\000\040\000Q\000u\000i\000c\000k\000\040\000R\000e\000f\000e\000r\000e\000n\000c\000e}{}% 39
\BOOKMARK [2][-]{subsection.9.1}{\376\377\000F\000i\000l\000e\000\040\000L\000o\000c\000a\000t\000i\000o\000n\000s}{section.9}% 40
\BOOKMARK [2][-]{subsection.9.2}{\376\377\000V\000a\000r\000i\000a\000b\000l\000e\000\040\000N\000a\000m\000e\000\040\000C\000o\000n\000v\000e\000n\000t\000i\000o\000n\000s}{section.9}% 41
\BOOKMARK [2][-]{subsection.9.3}{\376\377\000K\000e\000y\000\040\000T\000h\000r\000e\000s\000h\000o\000l\000d\000s}{section.9}% 42
