\BOOKMARK [1][-]{section.1}{\376\377\000E\000x\000e\000c\000u\000t\000i\000v\000e\000\040\000S\000u\000m\000m\000a\000r\000y}{}% 1
\BOOKMARK [1][-]{section.2}{\376\377\000R\000e\000s\000e\000a\000r\000c\000h\000\040\000Q\000u\000e\000s\000t\000i\000o\000n}{}% 2
\BOOKMARK [2][-]{subsection.2.1}{\376\377\000P\000r\000i\000m\000a\000r\000y\000\040\000Q\000u\000e\000s\000t\000i\000o\000n}{section.2}% 3
\BOOKMARK [2][-]{subsection.2.2}{\376\377\000M\000o\000t\000i\000v\000a\000t\000i\000o\000n}{section.2}% 4
\BOOKMARK [2][-]{subsection.2.3}{\376\377\000C\000o\000n\000t\000r\000i\000b\000u\000t\000i\000o\000n}{section.2}% 5
\BOOKMARK [1][-]{section.3}{\376\377\000D\000a\000t\000a\000\040\000S\000o\000u\000r\000c\000e\000s}{}% 6
\BOOKMARK [2][-]{subsection.3.1}{\376\377\000H\000i\000s\000t\000o\000r\000i\000c\000a\000l\000\040\000C\000a\000l\000l\000\040\000R\000e\000p\000o\000r\000t\000s\000\040\000\050\0001\0008\0006\0003\000-\0001\0009\0004\0001\000\051}{section.3}% 7
\BOOKMARK [2][-]{subsection.3.2}{\376\377\000M\000o\000d\000e\000r\000n\000\040\000C\000a\000l\000l\000\040\000R\000e\000p\000o\000r\000t\000s\000\040\000\050\0001\0009\0005\0009\000-\0002\0000\0002\0004\000\051}{section.3}% 8
\BOOKMARK [2][-]{subsection.3.3}{\376\377\000R\000e\000c\000e\000i\000v\000e\000r\000s\000h\000i\000p\000\040\000R\000e\000c\000o\000r\000d\000s\000\040\000\050\0001\0008\0006\0003\000-\0001\0009\0003\0007\000\051}{section.3}% 9
\BOOKMARK [2][-]{subsection.3.4}{\376\377\000M\000a\000c\000r\000o\000e\000c\000o\000n\000o\000m\000i\000c\000\040\000D\000a\000t\000a}{section.3}% 10
\BOOKMARK [1][-]{section.4}{\376\377\000K\000e\000y\000\040\000V\000a\000r\000i\000a\000b\000l\000e\000s}{}% 11
\BOOKMARK [2][-]{subsection.4.1}{\376\377\000B\000a\000n\000k\000\040\000F\000u\000n\000d\000a\000m\000e\000n\000t\000a\000l\000s}{section.4}% 12
\BOOKMARK [2][-]{subsection.4.2}{\376\377\000O\000u\000t\000c\000o\000m\000e\000\040\000V\000a\000r\000i\000a\000b\000l\000e\000s}{section.4}% 13
\BOOKMARK [1][-]{section.5}{\376\377\000F\000i\000v\000e\000\040\000M\000a\000i\000n\000\040\000F\000i\000n\000d\000i\000n\000g\000s}{}% 14
\BOOKMARK [2][-]{subsection.5.1}{\376\377\0001\000.\000\040\000S\000h\000r\000i\000n\000k\000i\000n\000g\000\040\000B\000a\000n\000k\000s\000\040\000F\000a\000i\000l\000\040\000M\000u\000c\000h\000\040\000M\000o\000r\000e}{section.5}% 15
\BOOKMARK [2][-]{subsection.5.2}{\376\377\0002\000.\000\040\000L\000o\000w\000\040\000E\000q\000u\000i\000t\000y\000\040\000P\000r\000e\000d\000i\000c\000t\000s\000\040\000F\000a\000i\000l\000u\000r\000e}{section.5}% 16
\BOOKMARK [2][-]{subsection.5.3}{\376\377\0003\000.\000\040\000P\000a\000t\000t\000e\000r\000n\000s\000\040\000S\000t\000a\000b\000l\000e\000\040\0001\0006\0000\000\040\000Y\000e\000a\000r\000s}{section.5}% 17
\BOOKMARK [2][-]{subsection.5.4}{\376\377\0004\000.\000\040\000B\000a\000n\000k\000\040\000R\000u\000n\000s\000\040\000A\000m\000p\000l\000i\000f\000y\000\040\000R\000i\000s\000k}{section.5}% 18
\BOOKMARK [2][-]{subsection.5.5}{\376\377\0005\000.\000\040\000R\000e\000c\000o\000v\000e\000r\000y\000\040\000R\000a\000t\000e\000s\000\040\000D\000i\000s\000m\000a\000l\000\040\000W\000i\000t\000h\000o\000u\000t\000\040\000I\000n\000s\000u\000r\000a\000n\000c\000e}{section.5}% 19
\BOOKMARK [1][-]{section.6}{\376\377\000E\000m\000p\000i\000r\000i\000c\000a\000l\000\040\000S\000t\000r\000a\000t\000e\000g\000y}{}% 20
\BOOKMARK [2][-]{subsection.6.1}{\376\377\000P\000r\000i\000m\000a\000r\000y\000\040\000S\000p\000e\000c\000i\000f\000i\000c\000a\000t\000i\000o\000n}{section.6}% 21
\BOOKMARK [2][-]{subsection.6.2}{\376\377\000M\000o\000d\000e\000l\000\040\000V\000a\000r\000i\000a\000t\000i\000o\000n\000s}{section.6}% 22
\BOOKMARK [1][-]{section.7}{\376\377\000C\000a\000u\000s\000a\000l\000\040\000I\000n\000f\000e\000r\000e\000n\000c\000e\000\040\000A\000s\000s\000e\000s\000s\000m\000e\000n\000t}{}% 23
\BOOKMARK [2][-]{subsection.7.1}{\376\377\000I\000d\000e\000n\000t\000i\000f\000i\000c\000a\000t\000i\000o\000n\000\040\000C\000h\000a\000l\000l\000e\000n\000g\000e\000s}{section.7}% 24
\BOOKMARK [2][-]{subsection.7.2}{\376\377\000M\000i\000t\000i\000g\000a\000t\000i\000o\000n\000\040\000S\000t\000r\000a\000t\000e\000g\000i\000e\000s}{section.7}% 25
\BOOKMARK [2][-]{subsection.7.3}{\376\377\000C\000a\000u\000s\000a\000l\000\040\000S\000t\000r\000e\000n\000g\000t\000h}{section.7}% 26
\BOOKMARK [1][-]{section.8}{\376\377\000D\000a\000t\000a\000\040\000P\000i\000p\000e\000l\000i\000n\000e\000\040\000S\000u\000m\000m\000a\000r\000y}{}% 27
\BOOKMARK [2][-]{subsection.8.1}{\376\377\000S\000c\000r\000i\000p\000t\000\040\000F\000l\000o\000w}{section.8}% 28
\BOOKMARK [2][-]{subsection.8.2}{\376\377\000K\000e\000y\000\040\000I\000n\000t\000e\000r\000m\000e\000d\000i\000a\000t\000e\000\040\000D\000a\000t\000a\000s\000e\000t\000s}{section.8}% 29
\BOOKMARK [1][-]{section.9}{\376\377\000V\000a\000l\000i\000d\000a\000t\000i\000o\000n\000\040\000S\000t\000a\000t\000u\000s}{}% 30
\BOOKMARK [1][-]{section.10}{\376\377\000C\000o\000n\000c\000l\000u\000s\000i\000o\000n}{}% 31
