\BOOKMARK [1][-]{section.1}{\376\377\000W\000h\000a\000t\000\040\000T\000h\000i\000s\000\040\000P\000a\000c\000k\000a\000g\000e\000\040\000D\000o\000e\000s}{}% 1
\BOOKMARK [2][-]{subsection.1.1}{\376\377\000K\000e\000y\000\040\000F\000i\000n\000d\000i\000n\000g\000s\000\040\000R\000e\000p\000l\000i\000c\000a\000t\000e\000d}{section.1}% 2
\BOOKMARK [1][-]{section.2}{\376\377\000D\000i\000r\000e\000c\000t\000o\000r\000y\000\040\000S\000t\000r\000u\000c\000t\000u\000r\000e}{}% 3
\BOOKMARK [1][-]{section.3}{\376\377\000Q\000u\000i\000c\000k\000\040\000S\000t\000a\000r\000t\000\040\000W\000o\000r\000k\000f\000l\000o\000w}{}% 4
\BOOKMARK [2][-]{subsection.3.1}{\376\377\000S\000t\000e\000p\000\040\0001\000:\000\040\000O\000b\000t\000a\000i\000n\000\040\000S\000o\000u\000r\000c\000e\000\040\000D\000a\000t\000a}{section.3}% 5
\BOOKMARK [2][-]{subsection.3.2}{\376\377\000S\000t\000e\000p\000\040\0002\000:\000\040\000I\000n\000s\000t\000a\000l\000l\000\040\000R\000\040\000P\000a\000c\000k\000a\000g\000e\000s}{section.3}% 6
\BOOKMARK [2][-]{subsection.3.3}{\376\377\000S\000t\000e\000p\000\040\0003\000:\000\040\000R\000u\000n\000\040\000C\000o\000m\000p\000l\000e\000t\000e\000\040\000P\000i\000p\000e\000l\000i\000n\000e}{section.3}% 7
\BOOKMARK [1][-]{section.4}{\376\377\000O\000u\000t\000p\000u\000t\000s\000\040\000G\000e\000n\000e\000r\000a\000t\000e\000d}{}% 8
\BOOKMARK [2][-]{subsection.4.1}{\376\377\000K\000e\000y\000\040\000F\000i\000g\000u\000r\000e\000s\000\040\000\050\000o\000u\000t\000p\000u\000t\000/\000f\000i\000g\000u\000r\000e\000s\000/\000\051}{section.4}% 9
\BOOKMARK [2][-]{subsection.4.2}{\376\377\000T\000a\000b\000l\000e\000s\000\040\000\050\000o\000u\000t\000p\000u\000t\000/\000t\000a\000b\000l\000e\000s\000/\000\051}{section.4}% 10
\BOOKMARK [2][-]{subsection.4.3}{\376\377\000D\000a\000t\000a\000s\000e\000t\000s\000\040\000\050\000d\000a\000t\000a\000c\000l\000e\000a\000n\000/\000\040\000a\000n\000d\000\040\000t\000e\000m\000p\000f\000i\000l\000e\000s\000/\000\051}{section.4}% 11
\BOOKMARK [1][-]{section.5}{\376\377\000V\000a\000l\000i\000d\000a\000t\000i\000o\000n\000\040\000S\000t\000a\000t\000u\000s}{}% 12
\BOOKMARK [1][-]{section.6}{\376\377\000S\000y\000s\000t\000e\000m\000\040\000R\000e\000q\000u\000i\000r\000e\000m\000e\000n\000t\000s}{}% 13
\BOOKMARK [2][-]{subsection.6.1}{\376\377\000S\000o\000f\000t\000w\000a\000r\000e}{section.6}% 14
\BOOKMARK [2][-]{subsection.6.2}{\376\377\000H\000a\000r\000d\000w\000a\000r\000e}{section.6}% 15
\BOOKMARK [1][-]{section.7}{\376\377\000T\000r\000o\000u\000b\000l\000e\000s\000h\000o\000o\000t\000i\000n\000g}{}% 16
\BOOKMARK [2][-]{subsection.7.1}{\376\377\000`\000`\000C\000a\000n\000n\000o\000t\000\040\000f\000i\000n\000d\000\040\000s\000o\000u\000r\000c\000e\000s\000/\000'\000'\000\040\000E\000r\000r\000o\000r}{section.7}% 17
\BOOKMARK [2][-]{subsection.7.2}{\376\377\000`\000`\000P\000a\000c\000k\000a\000g\000e\000\040\000'\000x\000x\000x\000'\000\040\000n\000o\000t\000\040\000a\000v\000a\000i\000l\000a\000b\000l\000e\000'\000'\000\040\000E\000r\000r\000o\000r}{section.7}% 18
\BOOKMARK [2][-]{subsection.7.3}{\376\377\000`\000`\000O\000u\000t\000\040\000o\000f\000\040\000m\000e\000m\000o\000r\000y\000'\000'\000\040\000E\000r\000r\000o\000r}{section.7}% 19
\BOOKMARK [2][-]{subsection.7.4}{\376\377\000S\000c\000r\000i\000p\000t\000s\000\040\000f\000a\000i\000l\000\040\000p\000a\000r\000t\000w\000a\000y\000\040\000t\000h\000r\000o\000u\000g\000h}{section.7}% 20
\BOOKMARK [1][-]{section.8}{\376\377\000P\000r\000e\000s\000e\000n\000t\000a\000t\000i\000o\000n\000\040\000M\000a\000t\000e\000r\000i\000a\000l\000s}{}% 21
\BOOKMARK [2][-]{subsection.8.1}{\376\377\000Q\000u\000i\000c\000k\000\040\000P\000r\000e\000s\000e\000n\000t\000a\000t\000i\000o\000n\000\040\000\050\0005\000\040\000m\000i\000n\000u\000t\000e\000s\000\051}{section.8}% 22
\BOOKMARK [2][-]{subsection.8.2}{\376\377\000F\000u\000l\000l\000\040\000P\000r\000e\000s\000e\000n\000t\000a\000t\000i\000o\000n\000\040\000\050\0001\0005\000-\0003\0000\000\040\000m\000i\000n\000u\000t\000e\000s\000\051}{section.8}% 23
\BOOKMARK [1][-]{section.9}{\376\377\000N\000e\000x\000t\000\040\000S\000t\000e\000p\000s}{}% 24
\BOOKMARK [1][-]{section.10}{\376\377\000D\000o\000c\000u\000m\000e\000n\000t\000a\000t\000i\000o\000n}{}% 25
\BOOKMARK [2][-]{subsection.10.1}{\376\377\000M\000a\000r\000k\000d\000o\000w\000n\000\040\000G\000u\000i\000d\000e\000s\000\040\000\050\000D\000o\000c\000u\000m\000e\000n\000t\000a\000t\000i\000o\000n\000/\000M\000a\000r\000k\000d\000o\000w\000n\000/\000\051}{section.10}% 26
\BOOKMARK [2][-]{subsection.10.2}{\376\377\000P\000D\000F\000\040\000G\000u\000i\000d\000e\000s\000\040\000\050\000D\000o\000c\000u\000m\000e\000n\000t\000a\000t\000i\000o\000n\000/\000P\000D\000F\000s\000/\000\051}{section.10}% 27
\BOOKMARK [2][-]{subsection.10.3}{\376\377\000P\000r\000e\000s\000e\000n\000t\000a\000t\000i\000o\000n\000\040\000G\000u\000i\000d\000e}{section.10}% 28
\BOOKMARK [1][-]{section.11}{\376\377\000G\000i\000t\000H\000u\000b\000\040\000R\000e\000p\000o\000s\000i\000t\000o\000r\000y}{}% 29
\BOOKMARK [1][-]{section.12}{\376\377\000C\000i\000t\000a\000t\000i\000o\000n}{}% 30
\BOOKMARK [2][-]{subsection.12.1}{\376\377\000O\000r\000i\000g\000i\000n\000a\000l\000\040\000P\000a\000p\000e\000r}{section.12}% 31
\BOOKMARK [2][-]{subsection.12.2}{\376\377\000R\000\040\000R\000e\000p\000l\000i\000c\000a\000t\000i\000o\000n\000\040\000P\000a\000c\000k\000a\000g\000e}{section.12}% 32
